<?xml version="1.0" encoding="UTF-8"?>
<testsuite name="seleccionar un producto de la categoria cumpleaños, agregarlo al carrito y eliminarlo" tests="1" skipped="0" failures="0" errors="0" timestamp="2025-05-16T21:13:40" hostname="LAPTOP-PM5K8NEL" time="36.687">
  <properties/>
  <testcase name="agregar y eliminar producto del carrio exitoso" classname="seleccionar un producto de la categoria cumpleaños, agregarlo al carrito y eliminarlo" time="36.687"/>
  <system-out><![CDATA[]]></system-out>
  <system-err><![CDATA[may. 16, 2025 4:13:43 P. M. org.openqa.selenium.remote.service.DriverService$Builder getLogOutput
INFO: Driver logs no longer sent to console by default; https://www.selenium.dev/documentation/webdriver/drivers/service/#setting-log-output
may. 16, 2025 4:13:45 P. M. org.openqa.selenium.devtools.CdpVersionFinder findNearestMatch
WARNING: Unable to find CDP implementation matching 136
may. 16, 2025 4:13:45 P. M. org.openqa.selenium.chromium.ChromiumDriver lambda$new$4
WARNING: Unable to find version of CDP to use for . You may need to include a dependency on a specific version of the CDP using something similar to `org.seleniumhq.selenium:selenium-devtools-v86:4.10.0` where the version ("v86") matches the version of the chromium-based browser you're using and the version number of the artifact is the same as Selenium's.
]]></system-err>
</testsuite>
